   1               		.file	"ioPorts.c"
   2               		.arch at90s2313
   3               	__SREG__ = 0x3f
   4               	__SP_H__ = 0x3e
   5               	__SP_L__ = 0x3d
   6               	__tmp_reg__ = 0
   7               	__zero_reg__ = 1
   8               		.global __do_copy_data
   9               		.global __do_clear_bss
  17               	.Ltext0:
  18               	.global	configIO_Output_Internal
  20               	configIO_Output_Internal:
  21               	.LFB2:
  22               	.LM1:
  23               	/* prologue: frame size=0 */
  24               	/* prologue end (size=0) */
  25               	.LM2:
  26 0000 9927      		clr r25
  27 0002 8233      		cpi r24,50
  28 0004 9105      		cpc r25,__zero_reg__
  29 0006 31F0      		breq .L4
  30               	.LM3:
  31 0008 C897      		sbiw r24,56
  32 000a 39F4      		brne .L1
  33               	.LM4:
  34 000c 87B3      		in r24,55-0x20
  35 000e 862B      		or r24,r22
  36 0010 87BB      		out 55-0x20,r24
  37               	.LM5:
  38 0012 0895      		ret
  39               	.L4:
  40               	.LM6:
  41 0014 81B3      		in r24,49-0x20
  42 0016 862B      		or r24,r22
  43 0018 81BB      		out 49-0x20,r24
  44               	.L1:
  45 001a 0895      		ret
  46               	/* epilogue: frame size=0 */
  47 001c 0895      		ret
  48               	/* epilogue end (size=1) */
  49               	/* function configIO_Output_Internal size 16 (15) */
  50               	.LFE2:
  52               	.global	configIO_Input_Internal
  54               	configIO_Input_Internal:
  55               	.LFB3:
  56               	.LM7:
  57               	/* prologue: frame size=0 */
  58               	/* prologue end (size=0) */
  59               	.LM8:
  60 001e 9927      		clr r25
  61 0020 8233      		cpi r24,50
  62 0022 9105      		cpc r25,__zero_reg__
  63 0024 39F0      		breq .L8
  64               	.LM9:
  65 0026 C897      		sbiw r24,56
  66 0028 49F4      		brne .L5
  67               	.LM10:
  68 002a 6095      		com r22
  69 002c 87B3      		in r24,55-0x20
  70 002e 8623      		and r24,r22
  71 0030 87BB      		out 55-0x20,r24
  72               	.LM11:
  73 0032 0895      		ret
  74               	.L8:
  75               	.LM12:
  76 0034 6095      		com r22
  77 0036 81B3      		in r24,49-0x20
  78 0038 8623      		and r24,r22
  79 003a 81BB      		out 49-0x20,r24
  80               	.L5:
  81 003c 0895      		ret
  82               	/* epilogue: frame size=0 */
  83 003e 0895      		ret
  84               	/* epilogue end (size=1) */
  85               	/* function configIO_Input_Internal size 18 (17) */
  86               	.LFE3:
  88               	.global	configIO_Pullups_Internal
  90               	configIO_Pullups_Internal:
  91               	.LFB4:
  92               	.LM13:
  93               	/* prologue: frame size=0 */
  94               	/* prologue end (size=0) */
  95               	.LM14:
  96 0040 9927      		clr r25
  97 0042 8233      		cpi r24,50
  98 0044 9105      		cpc r25,__zero_reg__
  99 0046 31F0      		breq .L12
 100               	.LM15:
 101 0048 C897      		sbiw r24,56
 102 004a 39F4      		brne .L9
 103               	.LM16:
 104 004c 88B3      		in r24,56-0x20
 105 004e 862B      		or r24,r22
 106 0050 88BB      		out 56-0x20,r24
 107               	.LM17:
 108 0052 0895      		ret
 109               	.L12:
 110               	.LM18:
 111 0054 82B3      		in r24,50-0x20
 112 0056 862B      		or r24,r22
 113 0058 82BB      		out 50-0x20,r24
 114               	.L9:
 115 005a 0895      		ret
 116               	/* epilogue: frame size=0 */
 117 005c 0895      		ret
 118               	/* epilogue end (size=1) */
 119               	/* function configIO_Pullups_Internal size 16 (15) */
 120               	.LFE4:
 122               	.Letext0:
DEFINED SYMBOLS
                            *ABS*:00000000 ioPorts.c
                            *ABS*:0000003f __SREG__
                            *ABS*:0000003e __SP_H__
                            *ABS*:0000003d __SP_L__
                            *ABS*:00000000 __tmp_reg__
                            *ABS*:00000001 __zero_reg__
D:\DOCUME~1\ADMINI~1\LOCALS~1\Temp/ccszaaaa.s:20     .text:00000000 configIO_Output_Internal
D:\DOCUME~1\ADMINI~1\LOCALS~1\Temp/ccszaaaa.s:54     .text:0000001e configIO_Input_Internal
D:\DOCUME~1\ADMINI~1\LOCALS~1\Temp/ccszaaaa.s:90     .text:00000040 configIO_Pullups_Internal

UNDEFINED SYMBOLS
__do_copy_data
__do_clear_bss
