Added Component: Designator=CON4(2x4 2mm)
Added Component: Designator=RC1(R 0603)
Added Component: Designator=RC2(R 0603)
Added Component: Designator=RC3(R 0603)
Added Component: Designator=RC4(R 0603)
Added Pin To Net: NetName=GND Pin=CON4-2
Added Pin To Net: NetName=GND Pin=CON4-4
Added Pin To Net: NetName=GND Pin=CON4-6
Added Pin To Net: NetName=GND Pin=CON4-8
Added Pin To Net: NetName=5V Pin=RC1-1
Added Pin To Net: NetName=5V Pin=RC2-1
Added Pin To Net: NetName=5V Pin=RC3-1
Added Pin To Net: NetName=5V Pin=RC4-1
Added Pin To Net: NetName=NetCON4_1 Pin=CON4-1
Added Pin To Net: NetName=NetCON4_1 Pin=RC1-2
Added Pin To Net: NetName=NetCON4_1 Pin=U1-26
Added Net: Name=NetCON4_1
Added Pin To Net: NetName=NetCON4_3 Pin=CON4-3
Added Pin To Net: NetName=NetCON4_3 Pin=RC2-2
Added Pin To Net: NetName=NetCON4_3 Pin=U1-27
Added Net: Name=NetCON4_3
Added Pin To Net: NetName=NetCON4_5 Pin=CON4-5
Added Pin To Net: NetName=NetCON4_5 Pin=RC3-2
Added Pin To Net: NetName=NetCON4_5 Pin=U1-30
Added Net: Name=NetCON4_5
Added Pin To Net: NetName=NetCON4_7 Pin=CON4-7
Added Pin To Net: NetName=NetCON4_7 Pin=RC4-2
Added Pin To Net: NetName=NetCON4_7 Pin=U1-31
Added Net: Name=NetCON4_7
Added Member To Class: ClassName=EGT_V1 Member=Component CON4 Settings
Added Member To Class: ClassName=EGT_V1 Member=Component RC1 3k
Added Member To Class: ClassName=EGT_V1 Member=Component RC2 3k
Added Member To Class: ClassName=EGT_V1 Member=Component RC3 3k
Added Member To Class: ClassName=EGT_V1 Member=Component RC4 3k
